TN:
SF:services/exceptions.js
FN:2,(anonymous_0)
FNF:1
FNH:1
FNDA:2,(anonymous_0)
DA:1,2
DA:3,2
DA:4,2
LF:3
LH:3
BRF:0
BRH:0
end_of_record
TN:
SF:services/index.js
FNF:0
FNH:0
DA:1,1
DA:3,1
LF:2
LH:2
BRF:0
BRH:0
end_of_record
TN:
SF:services/user-service.js
FN:9,(anonymous_0)
FN:18,(anonymous_1)
FNF:2
FNH:2
FNDA:2,(anonymous_0)
FNDA:1,(anonymous_1)
DA:1,1
DA:8,1
DA:10,2
DA:19,1
DA:20,1
LF:5
LH:5
BRDA:10,0,0,2
BRDA:10,0,1,1
BRF:2
BRH:2
end_of_record
TN:
SF:services/models/user.js
FN:2,(anonymous_0)
FNF:1
FNH:1
FNDA:3,(anonymous_0)
DA:1,2
DA:3,3
DA:4,3
DA:5,3
LF:4
LH:4
BRF:0
BRH:0
end_of_record
TN:
SF:services/repositories/user-repository.js
FN:21,(anonymous_0)
FN:25,(anonymous_1)
FN:29,(anonymous_2)
FN:40,(anonymous_3)
FN:60,(anonymous_4)
FNF:5
FNH:5
FNDA:6,(anonymous_0)
FNDA:5,(anonymous_1)
FNDA:5,(anonymous_2)
FNDA:4,(anonymous_3)
FNDA:1,(anonymous_4)
DA:1,2
DA:2,2
DA:3,2
DA:4,2
DA:5,2
DA:13,2
DA:22,6
DA:26,5
DA:30,5
DA:41,4
DA:48,4
DA:49,4
DA:50,2
DA:51,2
DA:52,2
DA:53,5
DA:54,5
DA:56,2
DA:58,2
DA:61,1
DA:65,1
DA:66,1
DA:67,1
LF:23
LH:23
BRDA:22,0,0,6
BRDA:22,0,1,3
BRDA:30,1,0,5
BRDA:30,1,1,0
BRDA:49,2,0,2
BRDA:49,2,1,2
BRF:6
BRH:5
end_of_record
